<?xml version="1.0" encoding="UTF-8"?>
<testsuite xmlns:xsi="http://www.w3.org/2001/XMLSchema-instance" xsi:noNamespaceSchemaLocation="https://maven.apache.org/surefire/maven-surefire-plugin/xsd/surefire-test-report.xsd" name="ru.yandex.praktikum.MainTests" time="40.799" tests="7" errors="0" skipped="0" failures="0">
  <properties>
[...]
</properties>
  <testcase name="shouldClickToConstructorFromPersonalAccount" classname="ru.yandex.praktikum.MainTests" time="6.305"/>
  <testcase name="shouldBeFillingMenu" classname="ru.yandex.praktikum.MainTests" time="4.952"/>
  <testcase name="shouldBeSauceMenu" classname="ru.yandex.praktikum.MainTests" time="4.765"/>
  <testcase name="shouldClickToLogoFromPersonalAccount" classname="ru.yandex.praktikum.MainTests" time="6.505"/>
  <testcase name="shouldRedirectToPersonalAccount" classname="ru.yandex.praktikum.MainTests" time="6.613"/>
  <testcase name="shouldBeBunMenu" classname="ru.yandex.praktikum.MainTests" time="5.298"/>
  <testcase name="shouldLogOutFromAccount" classname="ru.yandex.praktikum.MainTests" time="6.361"/>
</testsuite>